{"/Users/neilminty/neilminty-site/src/hooks/use-analysis.ts": {"path":"/Users/neilminty/neilminty-site/src/hooks/use-analysis.ts","all":false,"statementMap":{"0":{"start":{"line":1,"column":0},"end":{"line":1,"column":46}},"57":{"start":{"line":58,"column":0},"end":{"line":58,"column":38}},"58":{"start":{"line":59,"column":0},"end":{"line":59,"column":51}},"59":{"start":{"line":60,"column":0},"end":{"line":60,"column":26}},"60":{"start":{"line":61,"column":0},"end":{"line":61,"column":1}},"63":{"start":{"line":64,"column":0},"end":{"line":64,"column":40}},"64":{"start":{"line":65,"column":0},"end":{"line":65,"column":28}},"65":{"start":{"line":66,"column":0},"end":{"line":66,"column":51}},"66":{"start":{"line":67,"column":0},"end":{"line":67,"column":56}},"67":{"start":{"line":68,"column":0},"end":{"line":68,"column":1}},"69":{"start":{"line":70,"column":0},"end":{"line":70,"column":97}},"70":{"start":{"line":71,"column":0},"end":{"line":71,"column":28}},"71":{"start":{"line":72,"column":0},"end":{"line":72,"column":73}},"72":{"start":{"line":73,"column":0},"end":{"line":73,"column":1}},"74":{"start":{"line":75,"column":0},"end":{"line":75,"column":75}},"75":{"start":{"line":76,"column":0},"end":{"line":76,"column":36}},"76":{"start":{"line":77,"column":0},"end":{"line":77,"column":64}},"77":{"start":{"line":78,"column":0},"end":{"line":78,"column":26}},"78":{"start":{"line":79,"column":0},"end":{"line":79,"column":39}},"79":{"start":{"line":80,"column":0},"end":{"line":80,"column":41}},"80":{"start":{"line":81,"column":0},"end":{"line":81,"column":20}},"81":{"start":{"line":82,"column":0},"end":{"line":82,"column":1}},"85":{"start":{"line":86,"column":0},"end":{"line":86,"column":73}},"86":{"start":{"line":87,"column":0},"end":{"line":87,"column":87}},"88":{"start":{"line":89,"column":0},"end":{"line":89,"column":27}},"89":{"start":{"line":90,"column":0},"end":{"line":90,"column":104}},"90":{"start":{"line":91,"column":0},"end":{"line":91,"column":3}},"92":{"start":{"line":93,"column":0},"end":{"line":93,"column":58}},"93":{"start":{"line":94,"column":0},"end":{"line":94,"column":63}},"94":{"start":{"line":95,"column":0},"end":{"line":95,"column":81}},"95":{"start":{"line":96,"column":0},"end":{"line":96,"column":37}},"98":{"start":{"line":99,"column":0},"end":{"line":99,"column":39}},"99":{"start":{"line":100,"column":0},"end":{"line":100,"column":68}},"100":{"start":{"line":101,"column":0},"end":{"line":101,"column":4}},"101":{"start":{"line":102,"column":0},"end":{"line":102,"column":51}},"102":{"start":{"line":103,"column":0},"end":{"line":103,"column":90}},"104":{"start":{"line":105,"column":0},"end":{"line":105,"column":54}},"105":{"start":{"line":106,"column":0},"end":{"line":106,"column":43}},"106":{"start":{"line":107,"column":0},"end":{"line":107,"column":51}},"107":{"start":{"line":108,"column":0},"end":{"line":108,"column":44}},"108":{"start":{"line":109,"column":0},"end":{"line":109,"column":46}},"109":{"start":{"line":110,"column":0},"end":{"line":110,"column":45}},"110":{"start":{"line":111,"column":0},"end":{"line":111,"column":48}},"111":{"start":{"line":112,"column":0},"end":{"line":112,"column":74}},"112":{"start":{"line":113,"column":0},"end":{"line":113,"column":12}},"113":{"start":{"line":114,"column":0},"end":{"line":114,"column":15}},"114":{"start":{"line":115,"column":0},"end":{"line":115,"column":26}},"115":{"start":{"line":116,"column":0},"end":{"line":116,"column":34}},"116":{"start":{"line":117,"column":0},"end":{"line":117,"column":26}},"117":{"start":{"line":118,"column":0},"end":{"line":118,"column":63}},"118":{"start":{"line":119,"column":0},"end":{"line":119,"column":13}},"119":{"start":{"line":120,"column":0},"end":{"line":120,"column":22}},"120":{"start":{"line":121,"column":0},"end":{"line":121,"column":27}},"121":{"start":{"line":122,"column":0},"end":{"line":122,"column":29}},"122":{"start":{"line":123,"column":0},"end":{"line":123,"column":56}},"123":{"start":{"line":124,"column":0},"end":{"line":124,"column":51}},"124":{"start":{"line":125,"column":0},"end":{"line":125,"column":33}},"125":{"start":{"line":126,"column":0},"end":{"line":126,"column":26}},"126":{"start":{"line":127,"column":0},"end":{"line":127,"column":31}},"127":{"start":{"line":128,"column":0},"end":{"line":128,"column":6}},"128":{"start":{"line":129,"column":0},"end":{"line":129,"column":5}},"130":{"start":{"line":131,"column":0},"end":{"line":131,"column":95}},"131":{"start":{"line":132,"column":0},"end":{"line":132,"column":85}},"133":{"start":{"line":134,"column":0},"end":{"line":134,"column":54}},"134":{"start":{"line":135,"column":0},"end":{"line":135,"column":22}},"135":{"start":{"line":136,"column":0},"end":{"line":136,"column":77}},"137":{"start":{"line":138,"column":0},"end":{"line":138,"column":10}},"138":{"start":{"line":139,"column":0},"end":{"line":139,"column":13}},"139":{"start":{"line":140,"column":0},"end":{"line":140,"column":46}},"140":{"start":{"line":141,"column":0},"end":{"line":141,"column":51}},"141":{"start":{"line":142,"column":0},"end":{"line":142,"column":17}},"142":{"start":{"line":143,"column":0},"end":{"line":143,"column":4}},"143":{"start":{"line":144,"column":0},"end":{"line":144,"column":1}}},"s":{"0":1,"57":54855,"58":54855,"59":54855,"60":54855,"63":5210,"64":5210,"65":5209,"66":5210,"67":5210,"69":5210,"70":5210,"71":5210,"72":5210,"74":5210,"75":5210,"76":5210,"77":4953,"78":5210,"79":5210,"80":1433,"81":1433,"85":1,"86":945,"88":945,"89":4,"90":4,"92":941,"93":941,"94":941,"95":941,"98":941,"99":941,"100":941,"101":941,"102":941,"104":941,"105":5210,"106":5210,"107":5210,"108":5210,"109":5210,"110":5210,"111":5210,"112":5210,"113":5210,"114":5210,"115":5210,"116":5210,"117":5210,"118":5210,"119":5210,"120":5210,"121":5210,"122":5210,"123":5210,"124":5210,"125":5210,"126":5210,"127":5210,"128":941,"130":941,"131":941,"133":941,"134":941,"135":945,"137":945,"138":945,"139":945,"140":945,"141":945,"142":945,"143":945},"branchMap":{"0":{"type":"branch","line":58,"loc":{"start":{"line":58,"column":0},"end":{"line":61,"column":1}},"locations":[{"start":{"line":58,"column":0},"end":{"line":61,"column":1}}]},"1":{"type":"branch","line":60,"loc":{"start":{"line":60,"column":16},"end":{"line":60,"column":24}},"locations":[{"start":{"line":60,"column":16},"end":{"line":60,"column":24}}]},"2":{"type":"branch","line":60,"loc":{"start":{"line":60,"column":20},"end":{"line":60,"column":26}},"locations":[{"start":{"line":60,"column":20},"end":{"line":60,"column":26}}]},"3":{"type":"branch","line":64,"loc":{"start":{"line":64,"column":0},"end":{"line":68,"column":1}},"locations":[{"start":{"line":64,"column":0},"end":{"line":68,"column":1}}]},"4":{"type":"branch","line":65,"loc":{"start":{"line":65,"column":17},"end":{"line":65,"column":28}},"locations":[{"start":{"line":65,"column":17},"end":{"line":65,"column":28}}]},"5":{"type":"branch","line":65,"loc":{"start":{"line":65,"column":24},"end":{"line":67,"column":20}},"locations":[{"start":{"line":65,"column":24},"end":{"line":67,"column":20}}]},"6":{"type":"branch","line":67,"loc":{"start":{"line":67,"column":16},"end":{"line":67,"column":26}},"locations":[{"start":{"line":67,"column":16},"end":{"line":67,"column":26}}]},"7":{"type":"branch","line":67,"loc":{"start":{"line":67,"column":20},"end":{"line":67,"column":56}},"locations":[{"start":{"line":67,"column":20},"end":{"line":67,"column":56}}]},"8":{"type":"branch","line":70,"loc":{"start":{"line":70,"column":0},"end":{"line":73,"column":1}},"locations":[{"start":{"line":70,"column":0},"end":{"line":73,"column":1}}]},"9":{"type":"branch","line":71,"loc":{"start":{"line":71,"column":19},"end":{"line":71,"column":28}},"locations":[{"start":{"line":71,"column":19},"end":{"line":71,"column":28}}]},"10":{"type":"branch","line":75,"loc":{"start":{"line":75,"column":0},"end":{"line":82,"column":1}},"locations":[{"start":{"line":75,"column":0},"end":{"line":82,"column":1}}]},"11":{"type":"branch","line":76,"loc":{"start":{"line":76,"column":18},"end":{"line":76,"column":36}},"locations":[{"start":{"line":76,"column":18},"end":{"line":76,"column":36}}]},"12":{"type":"branch","line":76,"loc":{"start":{"line":76,"column":25},"end":{"line":77,"column":26}},"locations":[{"start":{"line":76,"column":25},"end":{"line":77,"column":26}}]},"13":{"type":"branch","line":77,"loc":{"start":{"line":77,"column":19},"end":{"line":77,"column":64}},"locations":[{"start":{"line":77,"column":19},"end":{"line":77,"column":64}}]},"14":{"type":"branch","line":77,"loc":{"start":{"line":77,"column":36},"end":{"line":77,"column":53}},"locations":[{"start":{"line":77,"column":36},"end":{"line":77,"column":53}}]},"15":{"type":"branch","line":77,"loc":{"start":{"line":77,"column":40},"end":{"line":77,"column":64}},"locations":[{"start":{"line":77,"column":40},"end":{"line":77,"column":64}}]},"16":{"type":"branch","line":77,"loc":{"start":{"line":77,"column":53},"end":{"line":79,"column":28}},"locations":[{"start":{"line":77,"column":53},"end":{"line":79,"column":28}}]},"17":{"type":"branch","line":79,"loc":{"start":{"line":79,"column":21},"end":{"line":79,"column":39}},"locations":[{"start":{"line":79,"column":21},"end":{"line":79,"column":39}}]},"18":{"type":"branch","line":79,"loc":{"start":{"line":79,"column":28},"end":{"line":80,"column":32}},"locations":[{"start":{"line":79,"column":28},"end":{"line":80,"column":32}}]},"19":{"type":"branch","line":80,"loc":{"start":{"line":80,"column":25},"end":{"line":80,"column":41}},"locations":[{"start":{"line":80,"column":25},"end":{"line":80,"column":41}}]},"20":{"type":"branch","line":80,"loc":{"start":{"line":80,"column":32},"end":{"line":82,"column":1}},"locations":[{"start":{"line":80,"column":32},"end":{"line":82,"column":1}}]},"21":{"type":"branch","line":86,"loc":{"start":{"line":86,"column":7},"end":{"line":144,"column":1}},"locations":[{"start":{"line":86,"column":7},"end":{"line":144,"column":1}}]},"22":{"type":"branch","line":89,"loc":{"start":{"line":89,"column":26},"end":{"line":91,"column":3}},"locations":[{"start":{"line":89,"column":26},"end":{"line":91,"column":3}}]},"23":{"type":"branch","line":91,"loc":{"start":{"line":91,"column":2},"end":{"line":136,"column":27}},"locations":[{"start":{"line":91,"column":2},"end":{"line":136,"column":27}}]},"24":{"type":"branch","line":136,"loc":{"start":{"line":136,"column":23},"end":{"line":136,"column":75}},"locations":[{"start":{"line":136,"column":23},"end":{"line":136,"column":75}}]},"25":{"type":"branch","line":136,"loc":{"start":{"line":136,"column":71},"end":{"line":136,"column":77}},"locations":[{"start":{"line":136,"column":71},"end":{"line":136,"column":77}}]},"26":{"type":"branch","line":140,"loc":{"start":{"line":140,"column":36},"end":{"line":140,"column":46}},"locations":[{"start":{"line":140,"column":36},"end":{"line":140,"column":46}}]},"27":{"type":"branch","line":141,"loc":{"start":{"line":141,"column":41},"end":{"line":141,"column":51}},"locations":[{"start":{"line":141,"column":41},"end":{"line":141,"column":51}}]},"28":{"type":"branch","line":87,"loc":{"start":{"line":87,"column":28},"end":{"line":87,"column":85}},"locations":[{"start":{"line":87,"column":28},"end":{"line":87,"column":85}}]},"29":{"type":"branch","line":87,"loc":{"start":{"line":87,"column":45},"end":{"line":87,"column":85}},"locations":[{"start":{"line":87,"column":45},"end":{"line":87,"column":85}}]},"30":{"type":"branch","line":93,"loc":{"start":{"line":93,"column":26},"end":{"line":93,"column":56}},"locations":[{"start":{"line":93,"column":26},"end":{"line":93,"column":56}}]},"31":{"type":"branch","line":94,"loc":{"start":{"line":94,"column":28},"end":{"line":94,"column":45}},"locations":[{"start":{"line":94,"column":28},"end":{"line":94,"column":45}}]},"32":{"type":"branch","line":95,"loc":{"start":{"line":95,"column":32},"end":{"line":95,"column":63}},"locations":[{"start":{"line":95,"column":32},"end":{"line":95,"column":63}}]},"33":{"type":"branch","line":100,"loc":{"start":{"line":100,"column":4},"end":{"line":100,"column":68}},"locations":[{"start":{"line":100,"column":4},"end":{"line":100,"column":68}}]},"34":{"type":"branch","line":103,"loc":{"start":{"line":103,"column":23},"end":{"line":103,"column":88}},"locations":[{"start":{"line":103,"column":23},"end":{"line":103,"column":88}}]},"35":{"type":"branch","line":105,"loc":{"start":{"line":105,"column":48},"end":{"line":129,"column":3}},"locations":[{"start":{"line":105,"column":48},"end":{"line":129,"column":3}}]},"36":{"type":"branch","line":123,"loc":{"start":{"line":123,"column":29},"end":{"line":123,"column":54}},"locations":[{"start":{"line":123,"column":29},"end":{"line":123,"column":54}}]},"37":{"type":"branch","line":123,"loc":{"start":{"line":123,"column":44},"end":{"line":123,"column":56}},"locations":[{"start":{"line":123,"column":44},"end":{"line":123,"column":56}}]},"38":{"type":"branch","line":124,"loc":{"start":{"line":124,"column":37},"end":{"line":124,"column":51}},"locations":[{"start":{"line":124,"column":37},"end":{"line":124,"column":51}}]},"39":{"type":"branch","line":131,"loc":{"start":{"line":131,"column":38},"end":{"line":131,"column":93}},"locations":[{"start":{"line":131,"column":38},"end":{"line":131,"column":93}}]},"40":{"type":"branch","line":132,"loc":{"start":{"line":132,"column":40},"end":{"line":132,"column":83}},"locations":[{"start":{"line":132,"column":40},"end":{"line":132,"column":83}}]},"41":{"type":"branch","line":134,"loc":{"start":{"line":134,"column":32},"end":{"line":134,"column":52}},"locations":[{"start":{"line":134,"column":32},"end":{"line":134,"column":52}}]}},"b":{"0":[54855],"1":[2599],"2":[52256],"3":[5210],"4":[1],"5":[5209],"6":[0],"7":[5209],"8":[5210],"9":[0],"10":[5210],"11":[99],"12":[5111],"13":[158],"14":[79],"15":[79],"16":[4953],"17":[1906],"18":[3047],"19":[1614],"20":[1433],"21":[945],"22":[4],"23":[941],"24":[842],"25":[99],"26":[0],"27":[0],"28":[5218],"29":[5213],"30":[5210],"31":[5210],"32":[5210],"33":[9191],"34":[5210],"35":[5210],"36":[5208],"37":[2],"38":[0],"39":[9220],"40":[9156],"41":[5210]},"fnMap":{"0":{"name":"parseNum","decl":{"start":{"line":58,"column":0},"end":{"line":61,"column":1}},"loc":{"start":{"line":58,"column":0},"end":{"line":61,"column":1}},"line":58},"1":{"name":"parseFpPct","decl":{"start":{"line":64,"column":0},"end":{"line":68,"column":1}},"loc":{"start":{"line":64,"column":0},"end":{"line":68,"column":1}},"line":64},"2":{"name":"computeWeightedScore","decl":{"start":{"line":70,"column":0},"end":{"line":73,"column":1}},"loc":{"start":{"line":70,"column":0},"end":{"line":73,"column":1}},"line":70},"3":{"name":"assignRetentionTier","decl":{"start":{"line":75,"column":0},"end":{"line":82,"column":1}},"loc":{"start":{"line":75,"column":0},"end":{"line":82,"column":1}},"line":75},"4":{"name":"computeAnalysis","decl":{"start":{"line":86,"column":7},"end":{"line":144,"column":1}},"loc":{"start":{"line":86,"column":7},"end":{"line":144,"column":1}},"line":86}},"f":{"0":54855,"1":5210,"2":5210,"3":5210,"4":945}}
,"/Users/neilminty/neilminty-site/src/lib/tools.ts": {"path":"/Users/neilminty/neilminty-site/src/lib/tools.ts","all":true,"statementMap":{"6":{"start":{"line":7,"column":0},"end":{"line":7,"column":40}},"7":{"start":{"line":8,"column":0},"end":{"line":8,"column":3}},"8":{"start":{"line":9,"column":0},"end":{"line":9,"column":37}},"9":{"start":{"line":10,"column":0},"end":{"line":10,"column":155}},"10":{"start":{"line":11,"column":0},"end":{"line":11,"column":34}},"11":{"start":{"line":12,"column":0},"end":{"line":12,"column":4}},"12":{"start":{"line":13,"column":0},"end":{"line":13,"column":3}},"13":{"start":{"line":14,"column":0},"end":{"line":14,"column":37}},"14":{"start":{"line":15,"column":0},"end":{"line":15,"column":143}},"15":{"start":{"line":16,"column":0},"end":{"line":16,"column":30}},"16":{"start":{"line":17,"column":0},"end":{"line":17,"column":4}},"17":{"start":{"line":18,"column":0},"end":{"line":18,"column":3}},"18":{"start":{"line":19,"column":0},"end":{"line":19,"column":27}},"19":{"start":{"line":20,"column":0},"end":{"line":20,"column":133}},"20":{"start":{"line":21,"column":0},"end":{"line":21,"column":34}},"21":{"start":{"line":22,"column":0},"end":{"line":22,"column":4}},"22":{"start":{"line":23,"column":0},"end":{"line":23,"column":3}},"23":{"start":{"line":24,"column":0},"end":{"line":24,"column":25}},"24":{"start":{"line":25,"column":0},"end":{"line":25,"column":151}},"25":{"start":{"line":26,"column":0},"end":{"line":26,"column":32}},"26":{"start":{"line":27,"column":0},"end":{"line":27,"column":4}},"27":{"start":{"line":28,"column":0},"end":{"line":28,"column":3}},"28":{"start":{"line":29,"column":0},"end":{"line":29,"column":27}},"29":{"start":{"line":30,"column":0},"end":{"line":30,"column":132}},"30":{"start":{"line":31,"column":0},"end":{"line":31,"column":34}},"31":{"start":{"line":32,"column":0},"end":{"line":32,"column":4}},"32":{"start":{"line":33,"column":0},"end":{"line":33,"column":2}}},"s":{"6":0,"7":0,"8":0,"9":0,"10":0,"11":0,"12":0,"13":0,"14":0,"15":0,"16":0,"17":0,"18":0,"19":0,"20":0,"21":0,"22":0,"23":0,"24":0,"25":0,"26":0,"27":0,"28":0,"29":0,"30":0,"31":0,"32":0},"branchMap":{"0":{"type":"branch","line":1,"loc":{"start":{"line":1,"column":1226},"end":{"line":33,"column":2}},"locations":[{"start":{"line":1,"column":1226},"end":{"line":33,"column":2}}]}},"b":{"0":[1]},"fnMap":{"0":{"name":"(empty-report)","decl":{"start":{"line":1,"column":1226},"end":{"line":33,"column":2}},"loc":{"start":{"line":1,"column":1226},"end":{"line":33,"column":2}},"line":1}},"f":{"0":1}}
,"/Users/neilminty/neilminty-site/src/lib/utils.ts": {"path":"/Users/neilminty/neilminty-site/src/lib/utils.ts","all":false,"statementMap":{"0":{"start":{"line":1,"column":0},"end":{"line":1,"column":45}},"3":{"start":{"line":4,"column":0},"end":{"line":4,"column":45}},"4":{"start":{"line":5,"column":0},"end":{"line":5,"column":31}},"5":{"start":{"line":6,"column":0},"end":{"line":6,"column":1}},"7":{"start":{"line":8,"column":0},"end":{"line":8,"column":55}},"8":{"start":{"line":9,"column":0},"end":{"line":9,"column":41}},"9":{"start":{"line":10,"column":0},"end":{"line":10,"column":22}},"10":{"start":{"line":11,"column":0},"end":{"line":11,"column":20}},"11":{"start":{"line":12,"column":0},"end":{"line":12,"column":29}},"12":{"start":{"line":13,"column":0},"end":{"line":13,"column":29}},"13":{"start":{"line":14,"column":0},"end":{"line":14,"column":19}},"14":{"start":{"line":15,"column":0},"end":{"line":15,"column":1}}},"s":{"0":1,"3":1,"4":4,"5":4,"7":1,"8":7,"9":7,"10":7,"11":7,"12":7,"13":7,"14":7},"branchMap":{"0":{"type":"branch","line":4,"loc":{"start":{"line":4,"column":7},"end":{"line":6,"column":1}},"locations":[{"start":{"line":4,"column":7},"end":{"line":6,"column":1}}]},"1":{"type":"branch","line":8,"loc":{"start":{"line":8,"column":7},"end":{"line":15,"column":1}},"locations":[{"start":{"line":8,"column":7},"end":{"line":15,"column":1}}]}},"b":{"0":[4],"1":[7]},"fnMap":{"0":{"name":"cn","decl":{"start":{"line":4,"column":7},"end":{"line":6,"column":1}},"loc":{"start":{"line":4,"column":7},"end":{"line":6,"column":1}},"line":4},"1":{"name":"formatCurrency","decl":{"start":{"line":8,"column":7},"end":{"line":15,"column":1}},"loc":{"start":{"line":8,"column":7},"end":{"line":15,"column":1}},"line":8}},"f":{"0":4,"1":7}}
,"/Users/neilminty/neilminty-site/src/lib/z-score.ts": {"path":"/Users/neilminty/neilminty-site/src/lib/z-score.ts","all":false,"statementMap":{"11":{"start":{"line":12,"column":0},"end":{"line":12,"column":60}},"12":{"start":{"line":13,"column":0},"end":{"line":13,"column":26}},"13":{"start":{"line":14,"column":0},"end":{"line":14,"column":35}},"14":{"start":{"line":15,"column":0},"end":{"line":15,"column":40}},"15":{"start":{"line":16,"column":0},"end":{"line":16,"column":18}},"16":{"start":{"line":17,"column":0},"end":{"line":17,"column":1}},"18":{"start":{"line":19,"column":0},"end":{"line":19,"column":88}},"19":{"start":{"line":20,"column":0},"end":{"line":20,"column":69}},"20":{"start":{"line":21,"column":0},"end":{"line":21,"column":50}},"21":{"start":{"line":22,"column":0},"end":{"line":22,"column":59}},"22":{"start":{"line":23,"column":0},"end":{"line":23,"column":1}}},"s":{"11":1,"12":5102,"13":5102,"14":5102,"15":4435,"16":4435,"18":1,"19":5210,"20":5102,"21":5102,"22":5102},"branchMap":{"0":{"type":"branch","line":12,"loc":{"start":{"line":12,"column":7},"end":{"line":17,"column":1}},"locations":[{"start":{"line":12,"column":7},"end":{"line":17,"column":1}}]},"1":{"type":"branch","line":14,"loc":{"start":{"line":14,"column":18},"end":{"line":14,"column":35}},"locations":[{"start":{"line":14,"column":18},"end":{"line":14,"column":35}}]},"2":{"type":"branch","line":14,"loc":{"start":{"line":14,"column":25},"end":{"line":15,"column":25}},"locations":[{"start":{"line":14,"column":25},"end":{"line":15,"column":25}}]},"3":{"type":"branch","line":15,"loc":{"start":{"line":15,"column":18},"end":{"line":15,"column":40}},"locations":[{"start":{"line":15,"column":18},"end":{"line":15,"column":40}}]},"4":{"type":"branch","line":15,"loc":{"start":{"line":15,"column":25},"end":{"line":17,"column":1}},"locations":[{"start":{"line":15,"column":25},"end":{"line":17,"column":1}}]},"5":{"type":"branch","line":19,"loc":{"start":{"line":19,"column":7},"end":{"line":23,"column":1}},"locations":[{"start":{"line":19,"column":7},"end":{"line":23,"column":1}}]},"6":{"type":"branch","line":20,"loc":{"start":{"line":20,"column":21},"end":{"line":20,"column":69}},"locations":[{"start":{"line":20,"column":21},"end":{"line":20,"column":69}}]},"7":{"type":"branch","line":20,"loc":{"start":{"line":20,"column":67},"end":{"line":23,"column":1}},"locations":[{"start":{"line":20,"column":67},"end":{"line":23,"column":1}}]}},"b":{"0":[5102],"1":[75],"2":[5027],"3":[592],"4":[4435],"5":[5210],"6":[108],"7":[5102]},"fnMap":{"0":{"name":"classifyZScore","decl":{"start":{"line":12,"column":7},"end":{"line":17,"column":1}},"loc":{"start":{"line":12,"column":7},"end":{"line":17,"column":1}},"line":12},"1":{"name":"computeZScore","decl":{"start":{"line":19,"column":7},"end":{"line":23,"column":1}},"loc":{"start":{"line":19,"column":7},"end":{"line":23,"column":1}},"line":19}},"f":{"0":5102,"1":5210}}
,"/Users/neilminty/neilminty-site/src/logic/marginLogic.ts": {"path":"/Users/neilminty/neilminty-site/src/logic/marginLogic.ts","all":false,"statementMap":{"4":{"start":{"line":5,"column":0},"end":{"line":5,"column":65}},"6":{"start":{"line":7,"column":0},"end":{"line":7,"column":29}},"7":{"start":{"line":8,"column":0},"end":{"line":8,"column":18}},"8":{"start":{"line":9,"column":0},"end":{"line":9,"column":11}},"22":{"start":{"line":23,"column":0},"end":{"line":23,"column":11}},"23":{"start":{"line":24,"column":0},"end":{"line":24,"column":9}},"24":{"start":{"line":25,"column":0},"end":{"line":25,"column":74}},"25":{"start":{"line":26,"column":0},"end":{"line":26,"column":81}},"26":{"start":{"line":27,"column":0},"end":{"line":27,"column":71}},"27":{"start":{"line":28,"column":0},"end":{"line":28,"column":13}},"29":{"start":{"line":30,"column":0},"end":{"line":30,"column":16}},"30":{"start":{"line":31,"column":0},"end":{"line":31,"column":21}},"31":{"start":{"line":32,"column":0},"end":{"line":32,"column":59}},"32":{"start":{"line":33,"column":0},"end":{"line":33,"column":411}},"33":{"start":{"line":34,"column":0},"end":{"line":34,"column":5}},"34":{"start":{"line":35,"column":0},"end":{"line":35,"column":22}},"35":{"start":{"line":36,"column":0},"end":{"line":36,"column":70}},"36":{"start":{"line":37,"column":0},"end":{"line":37,"column":342}},"37":{"start":{"line":38,"column":0},"end":{"line":38,"column":5}},"38":{"start":{"line":39,"column":0},"end":{"line":39,"column":22}},"39":{"start":{"line":40,"column":0},"end":{"line":40,"column":29}},"40":{"start":{"line":41,"column":0},"end":{"line":41,"column":59}},"41":{"start":{"line":42,"column":0},"end":{"line":42,"column":114}},"42":{"start":{"line":43,"column":0},"end":{"line":43,"column":15}},"43":{"start":{"line":44,"column":0},"end":{"line":44,"column":414}},"44":{"start":{"line":45,"column":0},"end":{"line":45,"column":5}},"45":{"start":{"line":46,"column":0},"end":{"line":46,"column":3}},"46":{"start":{"line":47,"column":0},"end":{"line":47,"column":1}},"48":{"start":{"line":49,"column":0},"end":{"line":49,"column":71}},"49":{"start":{"line":50,"column":0},"end":{"line":50,"column":9}},"50":{"start":{"line":51,"column":0},"end":{"line":51,"column":18}},"51":{"start":{"line":52,"column":0},"end":{"line":52,"column":8}},"52":{"start":{"line":53,"column":0},"end":{"line":53,"column":16}},"53":{"start":{"line":54,"column":0},"end":{"line":54,"column":28}},"54":{"start":{"line":55,"column":0},"end":{"line":55,"column":20}},"55":{"start":{"line":56,"column":0},"end":{"line":56,"column":26}},"56":{"start":{"line":57,"column":0},"end":{"line":57,"column":25}},"57":{"start":{"line":58,"column":0},"end":{"line":58,"column":26}},"58":{"start":{"line":59,"column":0},"end":{"line":59,"column":18}},"59":{"start":{"line":60,"column":0},"end":{"line":60,"column":17}},"60":{"start":{"line":61,"column":0},"end":{"line":61,"column":19}},"61":{"start":{"line":62,"column":0},"end":{"line":62,"column":24}},"62":{"start":{"line":63,"column":0},"end":{"line":63,"column":23}},"63":{"start":{"line":64,"column":0},"end":{"line":64,"column":13}},"66":{"start":{"line":67,"column":0},"end":{"line":67,"column":56}},"67":{"start":{"line":68,"column":0},"end":{"line":68,"column":59}},"68":{"start":{"line":69,"column":0},"end":{"line":69,"column":71}},"69":{"start":{"line":70,"column":0},"end":{"line":70,"column":75}},"72":{"start":{"line":73,"column":0},"end":{"line":73,"column":62}},"73":{"start":{"line":74,"column":0},"end":{"line":74,"column":24}},"74":{"start":{"line":75,"column":0},"end":{"line":75,"column":47}},"75":{"start":{"line":76,"column":0},"end":{"line":76,"column":86}},"76":{"start":{"line":77,"column":0},"end":{"line":77,"column":63}},"77":{"start":{"line":78,"column":0},"end":{"line":78,"column":57}},"78":{"start":{"line":79,"column":0},"end":{"line":79,"column":91}},"81":{"start":{"line":82,"column":0},"end":{"line":82,"column":96}},"82":{"start":{"line":83,"column":0},"end":{"line":83,"column":93}},"85":{"start":{"line":86,"column":0},"end":{"line":86,"column":64}},"86":{"start":{"line":87,"column":0},"end":{"line":87,"column":94}},"87":{"start":{"line":88,"column":0},"end":{"line":88,"column":68}},"88":{"start":{"line":89,"column":0},"end":{"line":89,"column":93}},"91":{"start":{"line":92,"column":0},"end":{"line":92,"column":65}},"92":{"start":{"line":93,"column":0},"end":{"line":93,"column":94}},"93":{"start":{"line":94,"column":0},"end":{"line":94,"column":99}},"94":{"start":{"line":95,"column":0},"end":{"line":95,"column":75}},"95":{"start":{"line":96,"column":0},"end":{"line":96,"column":45}},"96":{"start":{"line":97,"column":0},"end":{"line":97,"column":52}},"97":{"start":{"line":98,"column":0},"end":{"line":98,"column":15}},"100":{"start":{"line":101,"column":0},"end":{"line":101,"column":74}},"103":{"start":{"line":104,"column":0},"end":{"line":104,"column":84}},"104":{"start":{"line":105,"column":0},"end":{"line":105,"column":72}},"105":{"start":{"line":106,"column":0},"end":{"line":106,"column":75}},"106":{"start":{"line":107,"column":0},"end":{"line":107,"column":75}},"107":{"start":{"line":108,"column":0},"end":{"line":108,"column":4}},"108":{"start":{"line":109,"column":0},"end":{"line":109,"column":78}},"109":{"start":{"line":110,"column":0},"end":{"line":110,"column":47}},"110":{"start":{"line":111,"column":0},"end":{"line":111,"column":49}},"111":{"start":{"line":112,"column":0},"end":{"line":112,"column":19}},"112":{"start":{"line":113,"column":0},"end":{"line":113,"column":19}},"113":{"start":{"line":114,"column":0},"end":{"line":114,"column":65}},"114":{"start":{"line":115,"column":0},"end":{"line":115,"column":6}},"116":{"start":{"line":117,"column":0},"end":{"line":117,"column":36}},"117":{"start":{"line":118,"column":0},"end":{"line":118,"column":22}},"118":{"start":{"line":119,"column":0},"end":{"line":119,"column":130}},"119":{"start":{"line":120,"column":0},"end":{"line":120,"column":46}},"120":{"start":{"line":121,"column":0},"end":{"line":121,"column":25}},"121":{"start":{"line":122,"column":0},"end":{"line":122,"column":22}},"122":{"start":{"line":123,"column":0},"end":{"line":123,"column":34}},"123":{"start":{"line":124,"column":0},"end":{"line":124,"column":26}},"124":{"start":{"line":125,"column":0},"end":{"line":125,"column":32}},"125":{"start":{"line":126,"column":0},"end":{"line":126,"column":26}},"126":{"start":{"line":127,"column":0},"end":{"line":127,"column":32}},"127":{"start":{"line":128,"column":0},"end":{"line":128,"column":24}},"128":{"start":{"line":129,"column":0},"end":{"line":129,"column":26}},"129":{"start":{"line":130,"column":0},"end":{"line":130,"column":30}},"130":{"start":{"line":131,"column":0},"end":{"line":131,"column":25}},"131":{"start":{"line":132,"column":0},"end":{"line":132,"column":23}},"132":{"start":{"line":133,"column":0},"end":{"line":133,"column":11}},"135":{"start":{"line":136,"column":0},"end":{"line":136,"column":30}},"136":{"start":{"line":137,"column":0},"end":{"line":137,"column":30}},"137":{"start":{"line":138,"column":0},"end":{"line":138,"column":48}},"138":{"start":{"line":139,"column":0},"end":{"line":139,"column":81}},"139":{"start":{"line":140,"column":0},"end":{"line":140,"column":28}},"140":{"start":{"line":141,"column":0},"end":{"line":141,"column":38}},"141":{"start":{"line":142,"column":0},"end":{"line":142,"column":48}},"142":{"start":{"line":143,"column":0},"end":{"line":143,"column":26}},"143":{"start":{"line":144,"column":0},"end":{"line":144,"column":64}},"145":{"start":{"line":146,"column":0},"end":{"line":146,"column":10}},"146":{"start":{"line":147,"column":0},"end":{"line":147,"column":19}},"147":{"start":{"line":148,"column":0},"end":{"line":148,"column":22}},"148":{"start":{"line":149,"column":0},"end":{"line":149,"column":20}},"149":{"start":{"line":150,"column":0},"end":{"line":150,"column":23}},"150":{"start":{"line":151,"column":0},"end":{"line":151,"column":20}},"151":{"start":{"line":152,"column":0},"end":{"line":152,"column":23}},"152":{"start":{"line":153,"column":0},"end":{"line":153,"column":17}},"153":{"start":{"line":154,"column":0},"end":{"line":154,"column":23}},"154":{"start":{"line":155,"column":0},"end":{"line":155,"column":26}},"155":{"start":{"line":156,"column":0},"end":{"line":156,"column":28}},"156":{"start":{"line":157,"column":0},"end":{"line":157,"column":18}},"157":{"start":{"line":158,"column":0},"end":{"line":158,"column":31}},"158":{"start":{"line":159,"column":0},"end":{"line":159,"column":20}},"159":{"start":{"line":160,"column":0},"end":{"line":160,"column":23}},"160":{"start":{"line":161,"column":0},"end":{"line":161,"column":4}},"161":{"start":{"line":162,"column":0},"end":{"line":162,"column":1}}},"s":{"4":1,"6":28,"7":28,"8":28,"22":28,"23":28,"24":28,"25":28,"26":28,"27":28,"29":28,"30":28,"31":7,"32":7,"33":7,"34":28,"35":16,"36":16,"37":16,"38":28,"39":5,"40":5,"41":2,"42":3,"43":5,"44":5,"45":28,"46":28,"48":1,"49":37,"50":37,"51":37,"52":37,"53":37,"54":37,"55":37,"56":37,"57":37,"58":37,"59":37,"60":37,"61":37,"62":37,"63":37,"66":37,"67":37,"68":37,"69":37,"72":37,"73":37,"74":37,"75":37,"76":37,"77":37,"78":37,"81":37,"82":37,"85":37,"86":37,"87":37,"88":37,"91":37,"92":37,"93":37,"94":37,"95":37,"96":9,"97":5,"100":37,"103":37,"104":37,"105":37,"106":37,"107":37,"108":37,"109":37,"110":37,"111":111,"112":111,"113":111,"114":37,"116":37,"117":37,"118":9,"119":28,"120":28,"121":28,"122":28,"123":28,"124":28,"125":28,"126":28,"127":28,"128":28,"129":28,"130":28,"131":28,"132":28,"135":37,"136":37,"137":37,"138":37,"139":37,"140":37,"141":37,"142":37,"143":37,"145":37,"146":37,"147":37,"148":37,"149":37,"150":37,"151":37,"152":37,"153":37,"154":37,"155":37,"156":37,"157":37,"158":37,"159":37,"160":37,"161":37},"branchMap":{"0":{"type":"branch","line":5,"loc":{"start":{"line":5,"column":12},"end":{"line":5,"column":65}},"locations":[{"start":{"line":5,"column":12},"end":{"line":5,"column":65}}]},"1":{"type":"branch","line":7,"loc":{"start":{"line":7,"column":0},"end":{"line":47,"column":1}},"locations":[{"start":{"line":7,"column":0},"end":{"line":47,"column":1}}]},"2":{"type":"branch","line":31,"loc":{"start":{"line":31,"column":4},"end":{"line":34,"column":5}},"locations":[{"start":{"line":31,"column":4},"end":{"line":34,"column":5}}]},"3":{"type":"branch","line":35,"loc":{"start":{"line":35,"column":4},"end":{"line":38,"column":5}},"locations":[{"start":{"line":35,"column":4},"end":{"line":38,"column":5}}]},"4":{"type":"branch","line":39,"loc":{"start":{"line":39,"column":4},"end":{"line":45,"column":5}},"locations":[{"start":{"line":39,"column":4},"end":{"line":45,"column":5}}]},"5":{"type":"branch","line":41,"loc":{"start":{"line":41,"column":25},"end":{"line":41,"column":59}},"locations":[{"start":{"line":41,"column":25},"end":{"line":41,"column":59}}]},"6":{"type":"branch","line":41,"loc":{"start":{"line":41,"column":47},"end":{"line":42,"column":114}},"locations":[{"start":{"line":41,"column":47},"end":{"line":42,"column":114}}]},"7":{"type":"branch","line":42,"loc":{"start":{"line":42,"column":101},"end":{"line":43,"column":15}},"locations":[{"start":{"line":42,"column":101},"end":{"line":43,"column":15}}]},"8":{"type":"branch","line":49,"loc":{"start":{"line":49,"column":7},"end":{"line":162,"column":1}},"locations":[{"start":{"line":49,"column":7},"end":{"line":162,"column":1}}]},"9":{"type":"branch","line":67,"loc":{"start":{"line":67,"column":28},"end":{"line":67,"column":54}},"locations":[{"start":{"line":67,"column":28},"end":{"line":67,"column":54}}]},"10":{"type":"branch","line":67,"loc":{"start":{"line":67,"column":48},"end":{"line":67,"column":56}},"locations":[{"start":{"line":67,"column":48},"end":{"line":67,"column":56}}]},"11":{"type":"branch","line":79,"loc":{"start":{"line":79,"column":44},"end":{"line":79,"column":89}},"locations":[{"start":{"line":79,"column":44},"end":{"line":79,"column":89}}]},"12":{"type":"branch","line":79,"loc":{"start":{"line":79,"column":83},"end":{"line":79,"column":91}},"locations":[{"start":{"line":79,"column":83},"end":{"line":79,"column":91}}]},"13":{"type":"branch","line":83,"loc":{"start":{"line":83,"column":45},"end":{"line":83,"column":91}},"locations":[{"start":{"line":83,"column":45},"end":{"line":83,"column":91}}]},"14":{"type":"branch","line":83,"loc":{"start":{"line":83,"column":85},"end":{"line":83,"column":93}},"locations":[{"start":{"line":83,"column":85},"end":{"line":83,"column":93}}]},"15":{"type":"branch","line":89,"loc":{"start":{"line":89,"column":45},"end":{"line":89,"column":91}},"locations":[{"start":{"line":89,"column":45},"end":{"line":89,"column":91}}]},"16":{"type":"branch","line":89,"loc":{"start":{"line":89,"column":85},"end":{"line":89,"column":93}},"locations":[{"start":{"line":89,"column":85},"end":{"line":89,"column":93}}]},"17":{"type":"branch","line":94,"loc":{"start":{"line":94,"column":48},"end":{"line":94,"column":97}},"locations":[{"start":{"line":94,"column":48},"end":{"line":94,"column":97}}]},"18":{"type":"branch","line":94,"loc":{"start":{"line":94,"column":91},"end":{"line":94,"column":99}},"locations":[{"start":{"line":94,"column":91},"end":{"line":94,"column":99}}]},"19":{"type":"branch","line":96,"loc":{"start":{"line":96,"column":29},"end":{"line":96,"column":45}},"locations":[{"start":{"line":96,"column":29},"end":{"line":96,"column":45}}]},"20":{"type":"branch","line":96,"loc":{"start":{"line":96,"column":34},"end":{"line":98,"column":15}},"locations":[{"start":{"line":96,"column":34},"end":{"line":98,"column":15}}]},"21":{"type":"branch","line":97,"loc":{"start":{"line":97,"column":29},"end":{"line":97,"column":52}},"locations":[{"start":{"line":97,"column":29},"end":{"line":97,"column":52}}]},"22":{"type":"branch","line":97,"loc":{"start":{"line":97,"column":34},"end":{"line":98,"column":15}},"locations":[{"start":{"line":97,"column":34},"end":{"line":98,"column":15}}]},"23":{"type":"branch","line":118,"loc":{"start":{"line":118,"column":21},"end":{"line":119,"column":130}},"locations":[{"start":{"line":118,"column":21},"end":{"line":119,"column":130}}]},"24":{"type":"branch","line":119,"loc":{"start":{"line":119,"column":8},"end":{"line":133,"column":11}},"locations":[{"start":{"line":119,"column":8},"end":{"line":133,"column":11}}]},"25":{"type":"branch","line":109,"loc":{"start":{"line":109,"column":49},"end":{"line":109,"column":76}},"locations":[{"start":{"line":109,"column":49},"end":{"line":109,"column":76}}]},"26":{"type":"branch","line":111,"loc":{"start":{"line":111,"column":42},"end":{"line":115,"column":4}},"locations":[{"start":{"line":111,"column":42},"end":{"line":115,"column":4}}]},"27":{"type":"branch","line":114,"loc":{"start":{"line":114,"column":25},"end":{"line":114,"column":63}},"locations":[{"start":{"line":114,"column":25},"end":{"line":114,"column":63}}]},"28":{"type":"branch","line":114,"loc":{"start":{"line":114,"column":57},"end":{"line":114,"column":65}},"locations":[{"start":{"line":114,"column":57},"end":{"line":114,"column":65}}]}},"b":{"0":[46],"1":[28],"2":[7],"3":[16],"4":[5],"5":[3],"6":[2],"7":[3],"8":[37],"9":[35],"10":[2],"11":[35],"12":[2],"13":[35],"14":[2],"15":[35],"16":[2],"17":[35],"18":[2],"19":[28],"20":[9],"21":[4],"22":[5],"23":[9],"24":[28],"25":[84],"26":[111],"27":[105],"28":[6]},"fnMap":{"0":{"name":"fmt","decl":{"start":{"line":5,"column":12},"end":{"line":5,"column":65}},"loc":{"start":{"line":5,"column":12},"end":{"line":5,"column":65}},"line":5},"1":{"name":"buildRecommendation","decl":{"start":{"line":7,"column":0},"end":{"line":47,"column":1}},"loc":{"start":{"line":7,"column":0},"end":{"line":47,"column":1}},"line":7},"2":{"name":"calculateLeakage","decl":{"start":{"line":49,"column":7},"end":{"line":162,"column":1}},"loc":{"start":{"line":49,"column":7},"end":{"line":162,"column":1}},"line":49}},"f":{"0":46,"1":28,"2":37}}
,"/Users/neilminty/neilminty-site/src/logic/marginTypes.ts": {"path":"/Users/neilminty/neilminty-site/src/logic/marginTypes.ts","all":true,"statementMap":{},"s":{},"branchMap":{"0":{"type":"branch","line":1,"loc":{"start":{"line":1,"column":954},"end":{"line":33,"column":1}},"locations":[{"start":{"line":1,"column":954},"end":{"line":33,"column":1}}]}},"b":{"0":[1]},"fnMap":{"0":{"name":"(empty-report)","decl":{"start":{"line":1,"column":954},"end":{"line":33,"column":1}},"loc":{"start":{"line":1,"column":954},"end":{"line":33,"column":1}},"line":1}},"f":{"0":1}}
,"/Users/neilminty/neilminty-site/src/logic/paybackLogic.ts": {"path":"/Users/neilminty/neilminty-site/src/logic/paybackLogic.ts","all":false,"statementMap":{"2":{"start":{"line":3,"column":0},"end":{"line":3,"column":73}},"3":{"start":{"line":4,"column":0},"end":{"line":4,"column":9}},"4":{"start":{"line":5,"column":0},"end":{"line":5,"column":15}},"5":{"start":{"line":6,"column":0},"end":{"line":6,"column":8}},"6":{"start":{"line":7,"column":0},"end":{"line":7,"column":23}},"7":{"start":{"line":8,"column":0},"end":{"line":8,"column":23}},"8":{"start":{"line":9,"column":0},"end":{"line":9,"column":28}},"9":{"start":{"line":10,"column":0},"end":{"line":10,"column":13}},"13":{"start":{"line":14,"column":0},"end":{"line":14,"column":68}},"14":{"start":{"line":15,"column":0},"end":{"line":15,"column":71}},"15":{"start":{"line":16,"column":0},"end":{"line":16,"column":78}},"18":{"start":{"line":19,"column":0},"end":{"line":19,"column":38}},"21":{"start":{"line":22,"column":0},"end":{"line":22,"column":55}},"24":{"start":{"line":25,"column":0},"end":{"line":25,"column":96}},"27":{"start":{"line":28,"column":0},"end":{"line":28,"column":86}},"31":{"start":{"line":32,"column":0},"end":{"line":32,"column":80}},"32":{"start":{"line":33,"column":0},"end":{"line":33,"column":80}},"34":{"start":{"line":35,"column":0},"end":{"line":35,"column":69}},"35":{"start":{"line":36,"column":0},"end":{"line":36,"column":69}},"38":{"start":{"line":39,"column":0},"end":{"line":39,"column":58}},"39":{"start":{"line":40,"column":0},"end":{"line":40,"column":37}},"40":{"start":{"line":41,"column":0},"end":{"line":41,"column":42}},"41":{"start":{"line":42,"column":0},"end":{"line":42,"column":41}},"42":{"start":{"line":43,"column":0},"end":{"line":43,"column":15}},"44":{"start":{"line":45,"column":0},"end":{"line":45,"column":10}},"45":{"start":{"line":46,"column":0},"end":{"line":46,"column":19}},"46":{"start":{"line":47,"column":0},"end":{"line":47,"column":20}},"47":{"start":{"line":48,"column":0},"end":{"line":48,"column":15}},"48":{"start":{"line":49,"column":0},"end":{"line":49,"column":15}},"49":{"start":{"line":50,"column":0},"end":{"line":50,"column":20}},"50":{"start":{"line":51,"column":0},"end":{"line":51,"column":19}},"51":{"start":{"line":52,"column":0},"end":{"line":52,"column":18}},"52":{"start":{"line":53,"column":0},"end":{"line":53,"column":18}},"53":{"start":{"line":54,"column":0},"end":{"line":54,"column":4}},"54":{"start":{"line":55,"column":0},"end":{"line":55,"column":1}}},"s":{"2":1,"3":42,"4":42,"5":42,"6":42,"7":42,"8":42,"9":42,"13":42,"14":42,"15":42,"18":42,"21":42,"24":42,"27":42,"31":42,"32":42,"34":42,"35":42,"38":42,"39":42,"40":17,"41":13,"42":11,"44":42,"45":42,"46":42,"47":42,"48":42,"49":42,"50":42,"51":42,"52":42,"53":42,"54":42},"branchMap":{"0":{"type":"branch","line":3,"loc":{"start":{"line":3,"column":7},"end":{"line":55,"column":1}},"locations":[{"start":{"line":3,"column":7},"end":{"line":55,"column":1}}]},"1":{"type":"branch","line":16,"loc":{"start":{"line":16,"column":41},"end":{"line":16,"column":76}},"locations":[{"start":{"line":16,"column":41},"end":{"line":16,"column":76}}]},"2":{"type":"branch","line":16,"loc":{"start":{"line":16,"column":50},"end":{"line":16,"column":78}},"locations":[{"start":{"line":16,"column":50},"end":{"line":16,"column":78}}]},"3":{"type":"branch","line":25,"loc":{"start":{"line":25,"column":48},"end":{"line":25,"column":87}},"locations":[{"start":{"line":25,"column":48},"end":{"line":25,"column":87}}]},"4":{"type":"branch","line":25,"loc":{"start":{"line":25,"column":65},"end":{"line":25,"column":96}},"locations":[{"start":{"line":25,"column":65},"end":{"line":25,"column":96}}]},"5":{"type":"branch","line":28,"loc":{"start":{"line":28,"column":43},"end":{"line":28,"column":77}},"locations":[{"start":{"line":28,"column":43},"end":{"line":28,"column":77}}]},"6":{"type":"branch","line":28,"loc":{"start":{"line":28,"column":60},"end":{"line":28,"column":86}},"locations":[{"start":{"line":28,"column":60},"end":{"line":28,"column":86}}]},"7":{"type":"branch","line":35,"loc":{"start":{"line":35,"column":37},"end":{"line":35,"column":67}},"locations":[{"start":{"line":35,"column":37},"end":{"line":35,"column":67}}]},"8":{"type":"branch","line":35,"loc":{"start":{"line":35,"column":54},"end":{"line":35,"column":69}},"locations":[{"start":{"line":35,"column":54},"end":{"line":35,"column":69}}]},"9":{"type":"branch","line":36,"loc":{"start":{"line":36,"column":37},"end":{"line":36,"column":67}},"locations":[{"start":{"line":36,"column":37},"end":{"line":36,"column":67}}]},"10":{"type":"branch","line":36,"loc":{"start":{"line":36,"column":54},"end":{"line":36,"column":69}},"locations":[{"start":{"line":36,"column":54},"end":{"line":36,"column":69}}]},"11":{"type":"branch","line":40,"loc":{"start":{"line":40,"column":23},"end":{"line":40,"column":37}},"locations":[{"start":{"line":40,"column":23},"end":{"line":40,"column":37}}]},"12":{"type":"branch","line":40,"loc":{"start":{"line":40,"column":27},"end":{"line":43,"column":15}},"locations":[{"start":{"line":40,"column":27},"end":{"line":43,"column":15}}]},"13":{"type":"branch","line":41,"loc":{"start":{"line":41,"column":23},"end":{"line":41,"column":42}},"locations":[{"start":{"line":41,"column":23},"end":{"line":41,"column":42}}]},"14":{"type":"branch","line":41,"loc":{"start":{"line":41,"column":28},"end":{"line":43,"column":15}},"locations":[{"start":{"line":41,"column":28},"end":{"line":43,"column":15}}]},"15":{"type":"branch","line":42,"loc":{"start":{"line":42,"column":23},"end":{"line":42,"column":41}},"locations":[{"start":{"line":42,"column":23},"end":{"line":42,"column":41}}]},"16":{"type":"branch","line":42,"loc":{"start":{"line":42,"column":28},"end":{"line":43,"column":15}},"locations":[{"start":{"line":42,"column":28},"end":{"line":43,"column":15}}]}},"b":{"0":[42],"1":[40],"2":[2],"3":[35],"4":[7],"5":[36],"6":[6],"7":[39],"8":[3],"9":[39],"10":[3],"11":[25],"12":[17],"13":[4],"14":[13],"15":[2],"16":[11]},"fnMap":{"0":{"name":"calculatePayback","decl":{"start":{"line":3,"column":7},"end":{"line":55,"column":1}},"loc":{"start":{"line":3,"column":7},"end":{"line":55,"column":1}},"line":3}},"f":{"0":42}}
,"/Users/neilminty/neilminty-site/src/logic/paybackTypes.ts": {"path":"/Users/neilminty/neilminty-site/src/logic/paybackTypes.ts","all":true,"statementMap":{},"s":{},"branchMap":{"0":{"type":"branch","line":1,"loc":{"start":{"line":1,"column":447},"end":{"line":18,"column":1}},"locations":[{"start":{"line":1,"column":447},"end":{"line":18,"column":1}}]}},"b":{"0":[1]},"fnMap":{"0":{"name":"(empty-report)","decl":{"start":{"line":1,"column":447},"end":{"line":18,"column":1}},"loc":{"start":{"line":1,"column":447},"end":{"line":18,"column":1}},"line":1}},"f":{"0":1}}
,"/Users/neilminty/neilminty-site/src/logic/promotionLogic.ts": {"path":"/Users/neilminty/neilminty-site/src/logic/promotionLogic.ts","all":false,"statementMap":{"2":{"start":{"line":3,"column":0},"end":{"line":3,"column":79}},"3":{"start":{"line":4,"column":0},"end":{"line":4,"column":9}},"4":{"start":{"line":5,"column":0},"end":{"line":5,"column":8}},"5":{"start":{"line":6,"column":0},"end":{"line":6,"column":23}},"6":{"start":{"line":7,"column":0},"end":{"line":7,"column":25}},"7":{"start":{"line":8,"column":0},"end":{"line":8,"column":18}},"8":{"start":{"line":9,"column":0},"end":{"line":9,"column":26}},"9":{"start":{"line":10,"column":0},"end":{"line":10,"column":27}},"10":{"start":{"line":11,"column":0},"end":{"line":11,"column":27}},"11":{"start":{"line":12,"column":0},"end":{"line":12,"column":24}},"12":{"start":{"line":13,"column":0},"end":{"line":13,"column":30}},"13":{"start":{"line":14,"column":0},"end":{"line":14,"column":24}},"14":{"start":{"line":15,"column":0},"end":{"line":15,"column":24}},"15":{"start":{"line":16,"column":0},"end":{"line":16,"column":25}},"16":{"start":{"line":17,"column":0},"end":{"line":17,"column":13}},"19":{"start":{"line":20,"column":0},"end":{"line":20,"column":85}},"20":{"start":{"line":21,"column":0},"end":{"line":21,"column":57}},"21":{"start":{"line":22,"column":0},"end":{"line":22,"column":54}},"24":{"start":{"line":25,"column":0},"end":{"line":25,"column":92}},"27":{"start":{"line":28,"column":0},"end":{"line":28,"column":111}},"28":{"start":{"line":29,"column":0},"end":{"line":29,"column":124}},"29":{"start":{"line":30,"column":0},"end":{"line":30,"column":32}},"30":{"start":{"line":31,"column":0},"end":{"line":31,"column":31}},"31":{"start":{"line":32,"column":0},"end":{"line":32,"column":95}},"32":{"start":{"line":33,"column":0},"end":{"line":33,"column":10}},"36":{"start":{"line":37,"column":0},"end":{"line":37,"column":98}},"39":{"start":{"line":40,"column":0},"end":{"line":40,"column":78}},"40":{"start":{"line":41,"column":0},"end":{"line":41,"column":127}},"42":{"start":{"line":43,"column":0},"end":{"line":43,"column":75}},"45":{"start":{"line":46,"column":0},"end":{"line":46,"column":25}},"46":{"start":{"line":47,"column":0},"end":{"line":47,"column":41}},"47":{"start":{"line":48,"column":0},"end":{"line":48,"column":88}},"48":{"start":{"line":49,"column":0},"end":{"line":49,"column":17}},"49":{"start":{"line":50,"column":0},"end":{"line":50,"column":32}},"50":{"start":{"line":51,"column":0},"end":{"line":51,"column":31}},"51":{"start":{"line":52,"column":0},"end":{"line":52,"column":85}},"52":{"start":{"line":53,"column":0},"end":{"line":53,"column":10}},"55":{"start":{"line":56,"column":0},"end":{"line":56,"column":26}},"56":{"start":{"line":57,"column":0},"end":{"line":57,"column":41}},"57":{"start":{"line":58,"column":0},"end":{"line":58,"column":94}},"58":{"start":{"line":59,"column":0},"end":{"line":59,"column":17}},"59":{"start":{"line":60,"column":0},"end":{"line":60,"column":33}},"60":{"start":{"line":61,"column":0},"end":{"line":61,"column":31}},"61":{"start":{"line":62,"column":0},"end":{"line":62,"column":86}},"62":{"start":{"line":63,"column":0},"end":{"line":63,"column":10}},"65":{"start":{"line":66,"column":0},"end":{"line":66,"column":83}},"66":{"start":{"line":67,"column":0},"end":{"line":67,"column":38}},"67":{"start":{"line":68,"column":0},"end":{"line":68,"column":47}},"68":{"start":{"line":69,"column":0},"end":{"line":69,"column":45}},"69":{"start":{"line":70,"column":0},"end":{"line":70,"column":46}},"70":{"start":{"line":71,"column":0},"end":{"line":71,"column":10}},"71":{"start":{"line":72,"column":0},"end":{"line":72,"column":48}},"72":{"start":{"line":73,"column":0},"end":{"line":73,"column":3}},"75":{"start":{"line":76,"column":0},"end":{"line":76,"column":57}},"76":{"start":{"line":77,"column":0},"end":{"line":77,"column":71}},"77":{"start":{"line":78,"column":0},"end":{"line":78,"column":90}},"78":{"start":{"line":79,"column":0},"end":{"line":79,"column":53}},"79":{"start":{"line":80,"column":0},"end":{"line":80,"column":35}},"80":{"start":{"line":81,"column":0},"end":{"line":81,"column":75}},"81":{"start":{"line":82,"column":0},"end":{"line":82,"column":88}},"82":{"start":{"line":83,"column":0},"end":{"line":83,"column":5}},"85":{"start":{"line":86,"column":0},"end":{"line":86,"column":33}},"86":{"start":{"line":87,"column":0},"end":{"line":87,"column":64}},"87":{"start":{"line":88,"column":0},"end":{"line":88,"column":83}},"88":{"start":{"line":89,"column":0},"end":{"line":89,"column":36}},"89":{"start":{"line":90,"column":0},"end":{"line":90,"column":33}},"90":{"start":{"line":91,"column":0},"end":{"line":91,"column":11}},"91":{"start":{"line":92,"column":0},"end":{"line":92,"column":10}},"92":{"start":{"line":93,"column":0},"end":{"line":93,"column":84}},"95":{"start":{"line":96,"column":0},"end":{"line":96,"column":35}},"96":{"start":{"line":97,"column":0},"end":{"line":97,"column":72}},"97":{"start":{"line":98,"column":0},"end":{"line":98,"column":88}},"98":{"start":{"line":99,"column":0},"end":{"line":99,"column":33}},"99":{"start":{"line":100,"column":0},"end":{"line":100,"column":11}},"100":{"start":{"line":101,"column":0},"end":{"line":101,"column":10}},"101":{"start":{"line":102,"column":0},"end":{"line":102,"column":93}},"104":{"start":{"line":105,"column":0},"end":{"line":105,"column":53}},"105":{"start":{"line":106,"column":0},"end":{"line":106,"column":41}},"107":{"start":{"line":108,"column":0},"end":{"line":108,"column":58}},"108":{"start":{"line":109,"column":0},"end":{"line":109,"column":35}},"109":{"start":{"line":110,"column":0},"end":{"line":110,"column":46}},"110":{"start":{"line":111,"column":0},"end":{"line":111,"column":62}},"111":{"start":{"line":112,"column":0},"end":{"line":112,"column":120}},"112":{"start":{"line":113,"column":0},"end":{"line":113,"column":100}},"113":{"start":{"line":114,"column":0},"end":{"line":114,"column":109}},"114":{"start":{"line":115,"column":0},"end":{"line":115,"column":34}},"115":{"start":{"line":116,"column":0},"end":{"line":116,"column":31}},"116":{"start":{"line":117,"column":0},"end":{"line":117,"column":78}},"117":{"start":{"line":118,"column":0},"end":{"line":118,"column":19}},"118":{"start":{"line":119,"column":0},"end":{"line":119,"column":34}},"119":{"start":{"line":120,"column":0},"end":{"line":120,"column":33}},"120":{"start":{"line":121,"column":0},"end":{"line":121,"column":94}},"121":{"start":{"line":122,"column":0},"end":{"line":122,"column":12}},"122":{"start":{"line":123,"column":0},"end":{"line":123,"column":271}},"123":{"start":{"line":124,"column":0},"end":{"line":124,"column":39}},"124":{"start":{"line":125,"column":0},"end":{"line":125,"column":33}},"125":{"start":{"line":126,"column":0},"end":{"line":126,"column":280}},"126":{"start":{"line":127,"column":0},"end":{"line":127,"column":64}},"127":{"start":{"line":128,"column":0},"end":{"line":128,"column":36}},"128":{"start":{"line":129,"column":0},"end":{"line":129,"column":255}},"129":{"start":{"line":130,"column":0},"end":{"line":130,"column":62}},"130":{"start":{"line":131,"column":0},"end":{"line":131,"column":36}},"131":{"start":{"line":132,"column":0},"end":{"line":132,"column":205}},"132":{"start":{"line":133,"column":0},"end":{"line":133,"column":10}},"133":{"start":{"line":134,"column":0},"end":{"line":134,"column":29}},"134":{"start":{"line":135,"column":0},"end":{"line":135,"column":337}},"135":{"start":{"line":136,"column":0},"end":{"line":136,"column":3}},"137":{"start":{"line":138,"column":0},"end":{"line":138,"column":44}},"138":{"start":{"line":139,"column":0},"end":{"line":139,"column":417}},"139":{"start":{"line":140,"column":0},"end":{"line":140,"column":9}},"141":{"start":{"line":142,"column":0},"end":{"line":142,"column":10}},"142":{"start":{"line":143,"column":0},"end":{"line":143,"column":28}},"143":{"start":{"line":144,"column":0},"end":{"line":144,"column":30}},"144":{"start":{"line":145,"column":0},"end":{"line":145,"column":38}},"145":{"start":{"line":146,"column":0},"end":{"line":146,"column":27}},"146":{"start":{"line":147,"column":0},"end":{"line":147,"column":19}},"147":{"start":{"line":148,"column":0},"end":{"line":148,"column":27}},"148":{"start":{"line":149,"column":0},"end":{"line":149,"column":28}},"149":{"start":{"line":150,"column":0},"end":{"line":150,"column":32}},"150":{"start":{"line":151,"column":0},"end":{"line":151,"column":14}},"151":{"start":{"line":152,"column":0},"end":{"line":152,"column":29}},"152":{"start":{"line":153,"column":0},"end":{"line":153,"column":36}},"153":{"start":{"line":154,"column":0},"end":{"line":154,"column":17}},"154":{"start":{"line":155,"column":0},"end":{"line":155,"column":31}},"155":{"start":{"line":156,"column":0},"end":{"line":156,"column":18}},"156":{"start":{"line":157,"column":0},"end":{"line":157,"column":4}},"157":{"start":{"line":158,"column":0},"end":{"line":158,"column":1}}},"s":{"2":1,"3":50,"4":50,"5":50,"6":50,"7":50,"8":50,"9":50,"10":50,"11":50,"12":50,"13":50,"14":50,"15":50,"16":50,"19":50,"20":50,"21":50,"24":50,"27":50,"28":50,"29":50,"30":50,"31":48,"32":2,"36":50,"39":50,"40":50,"42":50,"45":50,"46":50,"47":44,"48":6,"49":50,"50":50,"51":48,"52":2,"55":50,"56":50,"57":44,"58":6,"59":50,"60":50,"61":48,"62":2,"65":50,"66":50,"67":5,"68":50,"69":23,"70":45,"71":22,"72":22,"75":50,"76":150,"77":150,"78":150,"79":150,"80":150,"81":150,"82":50,"85":50,"86":50,"87":43,"88":43,"89":43,"90":43,"91":7,"92":50,"95":50,"96":50,"97":43,"98":43,"99":43,"100":7,"101":50,"104":50,"105":50,"107":50,"108":7,"109":7,"110":7,"111":7,"112":7,"113":7,"114":7,"115":7,"116":4,"117":3,"118":7,"119":7,"120":7,"121":0,"122":7,"123":50,"124":4,"125":4,"126":43,"127":5,"128":5,"129":39,"130":1,"131":1,"132":34,"133":33,"134":33,"135":33,"137":50,"138":2,"139":48,"141":50,"142":50,"143":50,"144":50,"145":50,"146":50,"147":50,"148":50,"149":50,"150":50,"151":50,"152":50,"153":50,"154":50,"155":50,"156":50,"157":50},"branchMap":{"0":{"type":"branch","line":3,"loc":{"start":{"line":3,"column":7},"end":{"line":158,"column":1}},"locations":[{"start":{"line":3,"column":7},"end":{"line":158,"column":1}}]},"1":{"type":"branch","line":31,"loc":{"start":{"line":31,"column":30},"end":{"line":32,"column":95}},"locations":[{"start":{"line":31,"column":30},"end":{"line":32,"column":95}}]},"2":{"type":"branch","line":32,"loc":{"start":{"line":32,"column":92},"end":{"line":33,"column":10}},"locations":[{"start":{"line":32,"column":92},"end":{"line":33,"column":10}}]},"3":{"type":"branch","line":47,"loc":{"start":{"line":47,"column":40},"end":{"line":48,"column":88}},"locations":[{"start":{"line":47,"column":40},"end":{"line":48,"column":88}}]},"4":{"type":"branch","line":48,"loc":{"start":{"line":48,"column":55},"end":{"line":49,"column":17}},"locations":[{"start":{"line":48,"column":55},"end":{"line":49,"column":17}}]},"5":{"type":"branch","line":51,"loc":{"start":{"line":51,"column":30},"end":{"line":52,"column":85}},"locations":[{"start":{"line":51,"column":30},"end":{"line":52,"column":85}}]},"6":{"type":"branch","line":52,"loc":{"start":{"line":52,"column":82},"end":{"line":53,"column":10}},"locations":[{"start":{"line":52,"column":82},"end":{"line":53,"column":10}}]},"7":{"type":"branch","line":57,"loc":{"start":{"line":57,"column":40},"end":{"line":58,"column":94}},"locations":[{"start":{"line":57,"column":40},"end":{"line":58,"column":94}}]},"8":{"type":"branch","line":58,"loc":{"start":{"line":58,"column":61},"end":{"line":59,"column":17}},"locations":[{"start":{"line":58,"column":61},"end":{"line":59,"column":17}}]},"9":{"type":"branch","line":61,"loc":{"start":{"line":61,"column":30},"end":{"line":62,"column":86}},"locations":[{"start":{"line":61,"column":30},"end":{"line":62,"column":86}}]},"10":{"type":"branch","line":62,"loc":{"start":{"line":62,"column":83},"end":{"line":63,"column":10}},"locations":[{"start":{"line":62,"column":83},"end":{"line":63,"column":10}}]},"11":{"type":"branch","line":67,"loc":{"start":{"line":67,"column":37},"end":{"line":69,"column":13}},"locations":[{"start":{"line":67,"column":37},"end":{"line":69,"column":13}}]},"12":{"type":"branch","line":69,"loc":{"start":{"line":69,"column":2},"end":{"line":73,"column":3}},"locations":[{"start":{"line":69,"column":2},"end":{"line":73,"column":3}}]},"13":{"type":"branch","line":69,"loc":{"start":{"line":69,"column":44},"end":{"line":71,"column":9}},"locations":[{"start":{"line":69,"column":44},"end":{"line":71,"column":9}}]},"14":{"type":"branch","line":71,"loc":{"start":{"line":71,"column":2},"end":{"line":73,"column":3}},"locations":[{"start":{"line":71,"column":2},"end":{"line":73,"column":3}}]},"15":{"type":"branch","line":87,"loc":{"start":{"line":87,"column":30},"end":{"line":87,"column":64}},"locations":[{"start":{"line":87,"column":30},"end":{"line":87,"column":64}}]},"16":{"type":"branch","line":87,"loc":{"start":{"line":87,"column":63},"end":{"line":91,"column":11}},"locations":[{"start":{"line":87,"column":63},"end":{"line":91,"column":11}}]},"17":{"type":"branch","line":91,"loc":{"start":{"line":91,"column":8},"end":{"line":92,"column":10}},"locations":[{"start":{"line":91,"column":8},"end":{"line":92,"column":10}}]},"18":{"type":"branch","line":97,"loc":{"start":{"line":97,"column":30},"end":{"line":97,"column":72}},"locations":[{"start":{"line":97,"column":30},"end":{"line":97,"column":72}}]},"19":{"type":"branch","line":97,"loc":{"start":{"line":97,"column":71},"end":{"line":100,"column":11}},"locations":[{"start":{"line":97,"column":71},"end":{"line":100,"column":11}}]},"20":{"type":"branch","line":100,"loc":{"start":{"line":100,"column":8},"end":{"line":101,"column":10}},"locations":[{"start":{"line":100,"column":8},"end":{"line":101,"column":10}}]},"21":{"type":"branch","line":108,"loc":{"start":{"line":108,"column":22},"end":{"line":108,"column":57}},"locations":[{"start":{"line":108,"column":22},"end":{"line":108,"column":57}}]},"22":{"type":"branch","line":108,"loc":{"start":{"line":108,"column":57},"end":{"line":124,"column":13}},"locations":[{"start":{"line":108,"column":57},"end":{"line":124,"column":13}}]},"23":{"type":"branch","line":116,"loc":{"start":{"line":116,"column":30},"end":{"line":117,"column":78}},"locations":[{"start":{"line":116,"column":30},"end":{"line":117,"column":78}}]},"24":{"type":"branch","line":117,"loc":{"start":{"line":117,"column":57},"end":{"line":118,"column":19}},"locations":[{"start":{"line":117,"column":57},"end":{"line":118,"column":19}}]},"25":{"type":"branch","line":121,"loc":{"start":{"line":121,"column":91},"end":{"line":122,"column":12}},"locations":[{"start":{"line":121,"column":91},"end":{"line":122,"column":12}}]},"26":{"type":"branch","line":124,"loc":{"start":{"line":124,"column":2},"end":{"line":136,"column":3}},"locations":[{"start":{"line":124,"column":2},"end":{"line":136,"column":3}}]},"27":{"type":"branch","line":124,"loc":{"start":{"line":124,"column":38},"end":{"line":127,"column":13}},"locations":[{"start":{"line":124,"column":38},"end":{"line":127,"column":13}}]},"28":{"type":"branch","line":127,"loc":{"start":{"line":127,"column":2},"end":{"line":136,"column":3}},"locations":[{"start":{"line":127,"column":2},"end":{"line":136,"column":3}}]},"29":{"type":"branch","line":127,"loc":{"start":{"line":127,"column":63},"end":{"line":130,"column":13}},"locations":[{"start":{"line":127,"column":63},"end":{"line":130,"column":13}}]},"30":{"type":"branch","line":130,"loc":{"start":{"line":130,"column":2},"end":{"line":136,"column":3}},"locations":[{"start":{"line":130,"column":2},"end":{"line":136,"column":3}}]},"31":{"type":"branch","line":130,"loc":{"start":{"line":130,"column":61},"end":{"line":133,"column":9}},"locations":[{"start":{"line":130,"column":61},"end":{"line":133,"column":9}}]},"32":{"type":"branch","line":133,"loc":{"start":{"line":133,"column":2},"end":{"line":136,"column":3}},"locations":[{"start":{"line":133,"column":2},"end":{"line":136,"column":3}}]},"33":{"type":"branch","line":138,"loc":{"start":{"line":138,"column":24},"end":{"line":139,"column":417}},"locations":[{"start":{"line":138,"column":24},"end":{"line":139,"column":417}}]},"34":{"type":"branch","line":139,"loc":{"start":{"line":139,"column":6},"end":{"line":140,"column":9}},"locations":[{"start":{"line":139,"column":6},"end":{"line":140,"column":9}}]},"35":{"type":"branch","line":76,"loc":{"start":{"line":76,"column":37},"end":{"line":83,"column":3}},"locations":[{"start":{"line":76,"column":37},"end":{"line":83,"column":3}}]},"36":{"type":"branch","line":81,"loc":{"start":{"line":81,"column":25},"end":{"line":81,"column":73}},"locations":[{"start":{"line":81,"column":25},"end":{"line":81,"column":73}}]},"37":{"type":"branch","line":81,"loc":{"start":{"line":81,"column":67},"end":{"line":81,"column":75}},"locations":[{"start":{"line":81,"column":67},"end":{"line":81,"column":75}}]}},"b":{"0":[50],"1":[48],"2":[2],"3":[44],"4":[6],"5":[48],"6":[2],"7":[44],"8":[6],"9":[48],"10":[2],"11":[5],"12":[45],"13":[23],"14":[22],"15":[48],"16":[43],"17":[7],"18":[48],"19":[43],"20":[7],"21":[9],"22":[7],"23":[4],"24":[3],"25":[0],"26":[43],"27":[4],"28":[39],"29":[5],"30":[34],"31":[1],"32":[33],"33":[2],"34":[48],"35":[150],"36":[144],"37":[6]},"fnMap":{"0":{"name":"calculatePromotion","decl":{"start":{"line":3,"column":7},"end":{"line":158,"column":1}},"loc":{"start":{"line":3,"column":7},"end":{"line":158,"column":1}},"line":3}},"f":{"0":50}}
,"/Users/neilminty/neilminty-site/src/logic/promotionTypes.ts": {"path":"/Users/neilminty/neilminty-site/src/logic/promotionTypes.ts","all":true,"statementMap":{},"s":{},"branchMap":{"0":{"type":"branch","line":1,"loc":{"start":{"line":1,"column":1195},"end":{"line":39,"column":1}},"locations":[{"start":{"line":1,"column":1195},"end":{"line":39,"column":1}}]}},"b":{"0":[1]},"fnMap":{"0":{"name":"(empty-report)","decl":{"start":{"line":1,"column":1195},"end":{"line":39,"column":1}},"loc":{"start":{"line":1,"column":1195},"end":{"line":39,"column":1}},"line":1}},"f":{"0":1}}
,"/Users/neilminty/neilminty-site/src/logic/returnsCostLogic.ts": {"path":"/Users/neilminty/neilminty-site/src/logic/returnsCostLogic.ts","all":false,"statementMap":{"2":{"start":{"line":3,"column":0},"end":{"line":3,"column":85}},"3":{"start":{"line":4,"column":0},"end":{"line":4,"column":9}},"4":{"start":{"line":5,"column":0},"end":{"line":5,"column":18}},"5":{"start":{"line":6,"column":0},"end":{"line":6,"column":8}},"6":{"start":{"line":7,"column":0},"end":{"line":7,"column":16}},"7":{"start":{"line":8,"column":0},"end":{"line":8,"column":16}},"8":{"start":{"line":9,"column":0},"end":{"line":9,"column":18}},"9":{"start":{"line":10,"column":0},"end":{"line":10,"column":24}},"10":{"start":{"line":11,"column":0},"end":{"line":11,"column":16}},"11":{"start":{"line":12,"column":0},"end":{"line":12,"column":19}},"12":{"start":{"line":13,"column":0},"end":{"line":13,"column":22}},"13":{"start":{"line":14,"column":0},"end":{"line":14,"column":19}},"14":{"start":{"line":15,"column":0},"end":{"line":15,"column":13}},"16":{"start":{"line":17,"column":0},"end":{"line":17,"column":57}},"17":{"start":{"line":18,"column":0},"end":{"line":18,"column":59}},"18":{"start":{"line":19,"column":0},"end":{"line":19,"column":56}},"20":{"start":{"line":21,"column":0},"end":{"line":21,"column":70}},"21":{"start":{"line":22,"column":0},"end":{"line":22,"column":60}},"22":{"start":{"line":23,"column":0},"end":{"line":23,"column":79}},"23":{"start":{"line":24,"column":0},"end":{"line":24,"column":50}},"24":{"start":{"line":25,"column":0},"end":{"line":25,"column":75}},"25":{"start":{"line":26,"column":0},"end":{"line":26,"column":71}},"26":{"start":{"line":27,"column":0},"end":{"line":27,"column":66}},"28":{"start":{"line":29,"column":0},"end":{"line":29,"column":67}},"29":{"start":{"line":30,"column":0},"end":{"line":30,"column":66}},"30":{"start":{"line":31,"column":0},"end":{"line":31,"column":77}},"31":{"start":{"line":32,"column":0},"end":{"line":32,"column":83}},"33":{"start":{"line":34,"column":0},"end":{"line":34,"column":10}},"34":{"start":{"line":35,"column":0},"end":{"line":35,"column":18}},"35":{"start":{"line":36,"column":0},"end":{"line":36,"column":20}},"36":{"start":{"line":37,"column":0},"end":{"line":37,"column":25}},"37":{"start":{"line":38,"column":0},"end":{"line":38,"column":23}},"38":{"start":{"line":39,"column":0},"end":{"line":39,"column":18}},"39":{"start":{"line":40,"column":0},"end":{"line":40,"column":20}},"40":{"start":{"line":41,"column":0},"end":{"line":41,"column":21}},"41":{"start":{"line":42,"column":0},"end":{"line":42,"column":20}},"42":{"start":{"line":43,"column":0},"end":{"line":43,"column":4}},"43":{"start":{"line":44,"column":0},"end":{"line":44,"column":1}}},"s":{"2":1,"3":36,"4":36,"5":36,"6":36,"7":36,"8":36,"9":36,"10":36,"11":36,"12":36,"13":36,"14":36,"16":36,"17":36,"18":36,"20":36,"21":36,"22":36,"23":36,"24":36,"25":36,"26":36,"28":36,"29":36,"30":36,"31":36,"33":36,"34":36,"35":36,"36":36,"37":36,"38":36,"39":36,"40":36,"41":36,"42":36,"43":36},"branchMap":{"0":{"type":"branch","line":3,"loc":{"start":{"line":3,"column":7},"end":{"line":44,"column":1}},"locations":[{"start":{"line":3,"column":7},"end":{"line":44,"column":1}}]},"1":{"type":"branch","line":17,"loc":{"start":{"line":17,"column":29},"end":{"line":17,"column":55}},"locations":[{"start":{"line":17,"column":29},"end":{"line":17,"column":55}}]},"2":{"type":"branch","line":17,"loc":{"start":{"line":17,"column":49},"end":{"line":17,"column":57}},"locations":[{"start":{"line":17,"column":49},"end":{"line":17,"column":57}}]},"3":{"type":"branch","line":32,"loc":{"start":{"line":32,"column":42},"end":{"line":32,"column":81}},"locations":[{"start":{"line":32,"column":42},"end":{"line":32,"column":81}}]},"4":{"type":"branch","line":32,"loc":{"start":{"line":32,"column":65},"end":{"line":32,"column":83}},"locations":[{"start":{"line":32,"column":65},"end":{"line":32,"column":83}}]}},"b":{"0":[36],"1":[33],"2":[3],"3":[31],"4":[5]},"fnMap":{"0":{"name":"calculateReturnsCost","decl":{"start":{"line":3,"column":7},"end":{"line":44,"column":1}},"loc":{"start":{"line":3,"column":7},"end":{"line":44,"column":1}},"line":3}},"f":{"0":36}}
,"/Users/neilminty/neilminty-site/src/logic/returnsCostTypes.ts": {"path":"/Users/neilminty/neilminty-site/src/logic/returnsCostTypes.ts","all":true,"statementMap":{},"s":{},"branchMap":{"0":{"type":"branch","line":1,"loc":{"start":{"line":1,"column":546},"end":{"line":23,"column":1}},"locations":[{"start":{"line":1,"column":546},"end":{"line":23,"column":1}}]}},"b":{"0":[1]},"fnMap":{"0":{"name":"(empty-report)","decl":{"start":{"line":1,"column":546},"end":{"line":23,"column":1}},"loc":{"start":{"line":1,"column":546},"end":{"line":23,"column":1}},"line":1}},"f":{"0":1}}
}
